#
# There is insufficient memory for the Java Runtime Environment to continue.
# Native memory allocation (mmap) failed to map 536870912 bytes for committing reserved memory.
# Possible reasons:
#   The system is out of physical RAM or swap space
#   The process is running with CompressedOops enabled, and the Java Heap may be blocking the growth of the native heap
# Possible solutions:
#   Reduce memory load on the system
#   Increase physical memory or swap space
#   Check if swap backing store is full
#   Decrease Java heap size (-Xmx/-Xms)
#   Decrease number of Java threads
#   Decrease Java thread stack sizes (-Xss)
#   Set larger code cache with -XX:ReservedCodeCacheSize=
# This output file may be truncated or incomplete.
#
#  Out of Memory Error (os_linux.cpp:2761), pid=25530, tid=0x00007fa8b71f8700
#
# JRE version:  (8.0_222-b10) (build )
# Java VM: OpenJDK 64-Bit Server VM (25.222-b10 mixed mode linux-amd64 compressed oops)
# Failed to write core dump. Core dumps have been disabled. To enable core dumping, try "ulimit -c unlimited" before starting Java again
#

---------------  T H R E A D  ---------------

Current thread (0x00007fa8b0017000):  JavaThread "Unknown thread" [_thread_in_vm, id=25534, stack(0x00007fa8b70f8000,0x00007fa8b71f9000)]

Stack: [0x00007fa8b70f8000,0x00007fa8b71f9000],  sp=0x00007fa8b71f7580,  free space=1021k
Native frames: (J=compiled Java code, j=interpreted, Vv=VM code, C=native code)
V  [libjvm.so+0xa84522]  VMError::report_and_die()+0x2e2
V  [libjvm.so+0x4cb597]  report_vm_out_of_memory(char const*, int, unsigned long, VMErrorType, char const*)+0x67
V  [libjvm.so+0x8c4d30]  os::pd_commit_memory(char*, unsigned long, unsigned long, bool)+0x100
V  [libjvm.so+0x8bc45f]  os::commit_memory(char*, unsigned long, unsigned long, bool)+0x1f
V  [libjvm.so+0xa8081c]  VirtualSpace::initialize(ReservedSpace, unsigned long)+0x20c
V  [libjvm.so+0x5cffa7]  CardGeneration::CardGeneration(ReservedSpace, unsigned long, int, GenRemSet*)+0xc7
V  [libjvm.so+0xa1bf92]  TenuredGeneration::TenuredGeneration(ReservedSpace, unsigned long, int, GenRemSet*)+0x42
V  [libjvm.so+0x5d129d]  GenerationSpec::init(ReservedSpace, int, GenRemSet*)+0xad
V  [libjvm.so+0x5bc45f]  GenCollectedHeap::initialize()+0x20f
V  [libjvm.so+0xa4775a]  Universe::initialize_heap()+0x16a
V  [libjvm.so+0xa47a43]  universe_init()+0x33
V  [libjvm.so+0x613860]  init_globals()+0x50
V  [libjvm.so+0xa291b5]  Threads::create_vm(JavaVMInitArgs*, bool*)+0x4e5
V  [libjvm.so+0x68e411]  JNI_CreateJavaVM+0x51
C  [libjli.so+0x7f44]  JavaMain+0x84
C  [libpthread.so.0+0x76ba]  start_thread+0xca


---------------  P R O C E S S  ---------------

Java Threads: ( => current thread )

Other Threads:

=>0x00007fa8b0017000 (exited) JavaThread "Unknown thread" [_thread_in_vm, id=25534, stack(0x00007fa8b70f8000,0x00007fa8b71f9000)]

VM state:not at safepoint (not fully initialized)

VM Mutex/Monitor currently owned by a thread: None

heap address: 0x00000000c0000000, size: 1024 MB, Compressed Oops mode: Non-zero based:0x00000000bffff000
Narrow klass base: 0x0000000000000000, Narrow klass shift: 0

GC Heap History (0 events):
No events

Deoptimization events (0 events):
No events

Classes redefined (0 events):
No events

Internal exceptions (0 events):
No events

Events (0 events):
No events


Dynamic libraries:
00400000-00401000 r-xp 00000000 fd:00 1064678                            /home/alx/.sdkman/candidates/java/8.0.222-amzn/bin/java
00600000-00601000 r--p 00000000 fd:00 1064678                            /home/alx/.sdkman/candidates/java/8.0.222-amzn/bin/java
00601000-00602000 rw-p 00001000 fd:00 1064678                            /home/alx/.sdkman/candidates/java/8.0.222-amzn/bin/java
01fd5000-01ff6000 rw-p 00000000 00:00 0                                  [heap]
c0000000-d0000000 rw-p 00000000 00:00 0 
d0000000-d5550000 ---p 00000000 00:00 0 
f5550000-100000000 ---p 00000000 00:00 0 
7fa8a09d2000-7fa8a0c4a000 rw-p 00000000 00:00 0 
7fa8a0c4a000-7fa8a1000000 ---p 00000000 00:00 0 
7fa8a1000000-7fa8a1270000 rwxp 00000000 00:00 0 
7fa8a1270000-7fa8b0000000 ---p 00000000 00:00 0 
7fa8b0000000-7fa8b0044000 rw-p 00000000 00:00 0 
7fa8b0044000-7fa8b4000000 ---p 00000000 00:00 0 
7fa8b40c6000-7fa8b4146000 rw-p 00000000 00:00 0 
7fa8b4146000-7fa8b42c6000 ---p 00000000 00:00 0 
7fa8b42c6000-7fa8b42c7000 rw-p 00000000 00:00 0 
7fa8b42c7000-7fa8b42e2000 r-xp 00000000 fd:00 921745                     /home/alx/.sdkman/candidates/java/8.0.222-amzn/jre/lib/amd64/libzip.so
7fa8b42e2000-7fa8b44e1000 ---p 0001b000 fd:00 921745                     /home/alx/.sdkman/candidates/java/8.0.222-amzn/jre/lib/amd64/libzip.so
7fa8b44e1000-7fa8b44e2000 r--p 0001a000 fd:00 921745                     /home/alx/.sdkman/candidates/java/8.0.222-amzn/jre/lib/amd64/libzip.so
7fa8b44e2000-7fa8b44e3000 rw-p 0001b000 fd:00 921745                     /home/alx/.sdkman/candidates/java/8.0.222-amzn/jre/lib/amd64/libzip.so
7fa8b44e3000-7fa8b44ee000 r-xp 00000000 fd:00 1050324                    /lib/x86_64-linux-gnu/libnss_files-2.23.so
7fa8b44ee000-7fa8b46ed000 ---p 0000b000 fd:00 1050324                    /lib/x86_64-linux-gnu/libnss_files-2.23.so
7fa8b46ed000-7fa8b46ee000 r--p 0000a000 fd:00 1050324                    /lib/x86_64-linux-gnu/libnss_files-2.23.so
7fa8b46ee000-7fa8b46ef000 rw-p 0000b000 fd:00 1050324                    /lib/x86_64-linux-gnu/libnss_files-2.23.so
7fa8b46ef000-7fa8b46f5000 rw-p 00000000 00:00 0 
7fa8b46f5000-7fa8b4700000 r-xp 00000000 fd:00 1050317                    /lib/x86_64-linux-gnu/libnss_nis-2.23.so
7fa8b4700000-7fa8b48ff000 ---p 0000b000 fd:00 1050317                    /lib/x86_64-linux-gnu/libnss_nis-2.23.so
7fa8b48ff000-7fa8b4900000 r--p 0000a000 fd:00 1050317                    /lib/x86_64-linux-gnu/libnss_nis-2.23.so
7fa8b4900000-7fa8b4901000 rw-p 0000b000 fd:00 1050317                    /lib/x86_64-linux-gnu/libnss_nis-2.23.so
7fa8b4901000-7fa8b4917000 r-xp 00000000 fd:00 1050322                    /lib/x86_64-linux-gnu/libnsl-2.23.so
7fa8b4917000-7fa8b4b16000 ---p 00016000 fd:00 1050322                    /lib/x86_64-linux-gnu/libnsl-2.23.so
7fa8b4b16000-7fa8b4b17000 r--p 00015000 fd:00 1050322                    /lib/x86_64-linux-gnu/libnsl-2.23.so
7fa8b4b17000-7fa8b4b18000 rw-p 00016000 fd:00 1050322                    /lib/x86_64-linux-gnu/libnsl-2.23.so
7fa8b4b18000-7fa8b4b1a000 rw-p 00000000 00:00 0 
7fa8b4b1a000-7fa8b4b22000 r-xp 00000000 fd:00 1050328                    /lib/x86_64-linux-gnu/libnss_compat-2.23.so
7fa8b4b22000-7fa8b4d21000 ---p 00008000 fd:00 1050328                    /lib/x86_64-linux-gnu/libnss_compat-2.23.so
7fa8b4d21000-7fa8b4d22000 r--p 00007000 fd:00 1050328                    /lib/x86_64-linux-gnu/libnss_compat-2.23.so
7fa8b4d22000-7fa8b4d23000 rw-p 00008000 fd:00 1050328                    /lib/x86_64-linux-gnu/libnss_compat-2.23.so
7fa8b4d23000-7fa8b4d4d000 r-xp 00000000 fd:00 921732                     /home/alx/.sdkman/candidates/java/8.0.222-amzn/jre/lib/amd64/libjava.so
7fa8b4d4d000-7fa8b4f4c000 ---p 0002a000 fd:00 921732                     /home/alx/.sdkman/candidates/java/8.0.222-amzn/jre/lib/amd64/libjava.so
7fa8b4f4c000-7fa8b4f4d000 r--p 00029000 fd:00 921732                     /home/alx/.sdkman/candidates/java/8.0.222-amzn/jre/lib/amd64/libjava.so
7fa8b4f4d000-7fa8b4f4f000 rw-p 0002a000 fd:00 921732                     /home/alx/.sdkman/candidates/java/8.0.222-amzn/jre/lib/amd64/libjava.so
7fa8b4f4f000-7fa8b4f60000 r-xp 00000000 fd:00 921730                     /home/alx/.sdkman/candidates/java/8.0.222-amzn/jre/lib/amd64/libverify.so
7fa8b4f60000-7fa8b515f000 ---p 00011000 fd:00 921730                     /home/alx/.sdkman/candidates/java/8.0.222-amzn/jre/lib/amd64/libverify.so
7fa8b515f000-7fa8b5161000 r--p 00010000 fd:00 921730                     /home/alx/.sdkman/candidates/java/8.0.222-amzn/jre/lib/amd64/libverify.so
7fa8b5161000-7fa8b5162000 rw-p 00012000 fd:00 921730                     /home/alx/.sdkman/candidates/java/8.0.222-amzn/jre/lib/amd64/libverify.so
7fa8b5162000-7fa8b5169000 r-xp 00000000 fd:00 1050310                    /lib/x86_64-linux-gnu/librt-2.23.so
7fa8b5169000-7fa8b5368000 ---p 00007000 fd:00 1050310                    /lib/x86_64-linux-gnu/librt-2.23.so
7fa8b5368000-7fa8b5369000 r--p 00006000 fd:00 1050310                    /lib/x86_64-linux-gnu/librt-2.23.so
7fa8b5369000-7fa8b536a000 rw-p 00007000 fd:00 1050310                    /lib/x86_64-linux-gnu/librt-2.23.so
7fa8b536a000-7fa8b5472000 r-xp 00000000 fd:00 1050330                    /lib/x86_64-linux-gnu/libm-2.23.so
7fa8b5472000-7fa8b5671000 ---p 00108000 fd:00 1050330                    /lib/x86_64-linux-gnu/libm-2.23.so
7fa8b5671000-7fa8b5672000 r--p 00107000 fd:00 1050330                    /lib/x86_64-linux-gnu/libm-2.23.so
7fa8b5672000-7fa8b5673000 rw-p 00108000 fd:00 1050330                    /lib/x86_64-linux-gnu/libm-2.23.so
7fa8b5673000-7fa8b6304000 r-xp 00000000 fd:00 921768                     /home/alx/.sdkman/candidates/java/8.0.222-amzn/jre/lib/amd64/server/libjvm.so
7fa8b6304000-7fa8b6503000 ---p 00c91000 fd:00 921768                     /home/alx/.sdkman/candidates/java/8.0.222-amzn/jre/lib/amd64/server/libjvm.so
7fa8b6503000-7fa8b6598000 r--p 00c90000 fd:00 921768                     /home/alx/.sdkman/candidates/java/8.0.222-amzn/jre/lib/amd64/server/libjvm.so
7fa8b6598000-7fa8b65c1000 rw-p 00d25000 fd:00 921768                     /home/alx/.sdkman/candidates/java/8.0.222-amzn/jre/lib/amd64/server/libjvm.so
7fa8b65c1000-7fa8b65f1000 rw-p 00000000 00:00 0 
7fa8b65f1000-7fa8b67b1000 r-xp 00000000 fd:00 1050327                    /lib/x86_64-linux-gnu/libc-2.23.so
7fa8b67b1000-7fa8b69b1000 ---p 001c0000 fd:00 1050327                    /lib/x86_64-linux-gnu/libc-2.23.so
7fa8b69b1000-7fa8b69b5000 r--p 001c0000 fd:00 1050327                    /lib/x86_64-linux-gnu/libc-2.23.so
7fa8b69b5000-7fa8b69b7000 rw-p 001c4000 fd:00 1050327                    /lib/x86_64-linux-gnu/libc-2.23.so
7fa8b69b7000-7fa8b69bb000 rw-p 00000000 00:00 0 
7fa8b69bb000-7fa8b69be000 r-xp 00000000 fd:00 1050312                    /lib/x86_64-linux-gnu/libdl-2.23.so
7fa8b69be000-7fa8b6bbd000 ---p 00003000 fd:00 1050312                    /lib/x86_64-linux-gnu/libdl-2.23.so
7fa8b6bbd000-7fa8b6bbe000 r--p 00002000 fd:00 1050312                    /lib/x86_64-linux-gnu/libdl-2.23.so
7fa8b6bbe000-7fa8b6bbf000 rw-p 00003000 fd:00 1050312                    /lib/x86_64-linux-gnu/libdl-2.23.so
7fa8b6bbf000-7fa8b6bd6000 r-xp 00000000 fd:00 1064688                    /home/alx/.sdkman/candidates/java/8.0.222-amzn/lib/amd64/jli/libjli.so
7fa8b6bd6000-7fa8b6dd5000 ---p 00017000 fd:00 1064688                    /home/alx/.sdkman/candidates/java/8.0.222-amzn/lib/amd64/jli/libjli.so
7fa8b6dd5000-7fa8b6dd6000 r--p 00016000 fd:00 1064688                    /home/alx/.sdkman/candidates/java/8.0.222-amzn/lib/amd64/jli/libjli.so
7fa8b6dd6000-7fa8b6dd7000 rw-p 00017000 fd:00 1064688                    /home/alx/.sdkman/candidates/java/8.0.222-amzn/lib/amd64/jli/libjli.so
7fa8b6dd7000-7fa8b6def000 r-xp 00000000 fd:00 1050314                    /lib/x86_64-linux-gnu/libpthread-2.23.so
7fa8b6def000-7fa8b6fee000 ---p 00018000 fd:00 1050314                    /lib/x86_64-linux-gnu/libpthread-2.23.so
7fa8b6fee000-7fa8b6fef000 r--p 00017000 fd:00 1050314                    /lib/x86_64-linux-gnu/libpthread-2.23.so
7fa8b6fef000-7fa8b6ff0000 rw-p 00018000 fd:00 1050314                    /lib/x86_64-linux-gnu/libpthread-2.23.so
7fa8b6ff0000-7fa8b6ff4000 rw-p 00000000 00:00 0 
7fa8b6ff4000-7fa8b701a000 r-xp 00000000 fd:00 1050313                    /lib/x86_64-linux-gnu/ld-2.23.so
7fa8b70f8000-7fa8b70fb000 ---p 00000000 00:00 0 
7fa8b70fb000-7fa8b71fe000 rw-p 00000000 00:00 0 
7fa8b720f000-7fa8b7217000 rw-s 00000000 fd:00 1326960                    /tmp/hsperfdata_alx/25530
7fa8b7217000-7fa8b7218000 rw-p 00000000 00:00 0 
7fa8b7218000-7fa8b7219000 r--p 00000000 00:00 0 
7fa8b7219000-7fa8b721a000 r--p 00025000 fd:00 1050313                    /lib/x86_64-linux-gnu/ld-2.23.so
7fa8b721a000-7fa8b721b000 rw-p 00026000 fd:00 1050313                    /lib/x86_64-linux-gnu/ld-2.23.so
7fa8b721b000-7fa8b721c000 rw-p 00000000 00:00 0 
7ffe1c5af000-7ffe1c5d7000 rw-p 00000000 00:00 0                          [stack]
7ffe1c5f1000-7ffe1c5f4000 r--p 00000000 00:00 0                          [vvar]
7ffe1c5f4000-7ffe1c5f6000 r-xp 00000000 00:00 0                          [vdso]
ffffffffff600000-ffffffffff601000 r-xp 00000000 00:00 0                  [vsyscall]

VM Arguments:
jvm_args: -Denv=development -Dfull.stacktrace=false -Dgrails.env=development -Dgrails.full.stacktrace=false -Dinfo.app.grailsVersion=4.0.0 -Dinfo.app.name=myRest -Dinfo.app.version=0.1 -Dinteractive.mode.enabled=true -Dmanagement.endpoints.shutdown.enabled=true -Drun.active=true -Dserver.port=8090 -Dspring.output.ansi.enabled=always -Dspring.profiles.active -Dverbose=false -XX:+TieredCompilation -XX:TieredStopAtLevel=1 -XX:CICompilerCount=3 -Xverify:none -XX:TieredStopAtLevel=1 -Xms768m -Xmx1024m -Dfile.encoding=UTF-8 -Duser.country=US -Duser.language=en -Duser.variant 
java_command: myrest.Application
java_class_path (initial): /home/alx/GRAILS/myRest/src/main/resources:/home/alx/GRAILS/myRest/grails-app/views:/home/alx/GRAILS/myRest/grails-app/i18n:/home/alx/GRAILS/myRest/grails-app/conf:/home/alx/GRAILS/myRest/build/classes/java/main:/home/alx/GRAILS/myRest/build/classes/groovy/main:/home/alx/GRAILS/myRest/build/gson-classes/main:/home/alx/.gradle/caches/modules-2/files-2.1/org.springframework.boot/spring-boot-starter-actuator/2.1.9.RELEASE/ac351fba2b575026aecef167facd7b51c3e61a2b/spring-boot-starter-actuator-2.1.9.RELEASE.jar:/home/alx/.gradle/caches/modules-2/files-2.1/org.springframework.boot/spring-boot-starter/2.1.9.RELEASE/45d7afa2d9aab4b2984f2c330f507797fbcf501f/spring-boot-starter-2.1.9.RELEASE.jar:/home/alx/.gradle/caches/modules-2/files-2.1/org.springframework.boot/spring-boot-starter-logging/2.1.9.RELEASE/802b562b0c602ae9242b659a28b9bf89ca689b2d/spring-boot-starter-logging-2.1.9.RELEASE.jar:/home/alx/.gradle/caches/modules-2/files-2.1/org.springframework.boot/spring-boot-devtools/2.1.9.RELEASE/7b5c45793e5e6579a09d816c1fa8406a9d7a56e2/spring-boot-devtools-2.1.9.RELEASE.jar:/home/alx/.gradle/caches/modules-2/files-2.1/org.springframework.boot/spring-boot-actuator-autoconfigure/2.1.9.RELEASE/6b792c8880fafb5f97e0d993106f6818b03436e6/spring-boot-actuator-autoconfigure-2.1.9.RELEASE.jar:/home/alx/.gradle/caches/modules-2/files-2.1/org.grails/grails-plugin-interceptors/4.0.0/397251bd83d8ab02a2fdceabf29d51b95ee18288/grails-plugin-interceptors-4.0.0.jar:/home/alx/.gradle/caches/modules-2/files-2.1/org.grails/grails-plugin-url-mappings/4.0.0/c7df6c82cd92e620fd3df74bd8092338cbbed0a9/grails-plugin-url-mappings-4.0.0.jar:/home/alx/.gradle/caches/modules-2/files-2.1/org.grails.plugins/views-json-templates/2.0.0/63c25fb8159e85cc46d094b9cc05e2c87f5cd516/views-json-templates-2.0.0.jar:/home/alx/.gradle/caches/modules-2/files-2.1/org.grails.plugins/views-json/2.0.0/8a2913e41da65bea10d434b610a83a5e4b91a723/views-json-2.0.0.jar:/home/alx/.gradle/caches/modules-2/files
Launcher Type: SUN_STANDARD

Environment Variables:
JAVA_HOME=/home/alx/.sdkman/candidates/java/current
PATH=/home/alx/.sdkman/candidates/springboot/current/bin:/home/alx/.sdkman/candidates/java/current/bin:/home/alx/.sdkman/candidates/groovy/current/bin:/home/alx/.sdkman/candidates/grails/current/bin:/home/alx/.sdkman/candidates/gradle/current/bin:/home/alx/bin:/home/alx/.local/bin:/usr/local/sbin:/usr/local/bin:/usr/sbin:/usr/bin:/sbin:/bin:/usr/games:/usr/local/games:/snap/bin:/usr/lib/jvm/java-8-oracle/bin:/usr/lib/jvm/java-8-oracle/db/bin:/usr/lib/jvm/java-8-oracle/jre/bin
SHELL=/bin/bash
DISPLAY=:0

Signal Handlers:
SIGSEGV: [libjvm.so+0xa84e60], sa_mask[0]=11111111011111111101111111111110, sa_flags=SA_RESTART|SA_SIGINFO
SIGBUS: [libjvm.so+0xa84e60], sa_mask[0]=11111111011111111101111111111110, sa_flags=SA_RESTART|SA_SIGINFO
SIGFPE: [libjvm.so+0x8c0290], sa_mask[0]=11111111011111111101111111111110, sa_flags=SA_RESTART|SA_SIGINFO
SIGPIPE: [libjvm.so+0x8c0290], sa_mask[0]=11111111011111111101111111111110, sa_flags=SA_RESTART|SA_SIGINFO
SIGXFSZ: [libjvm.so+0x8c0290], sa_mask[0]=11111111011111111101111111111110, sa_flags=SA_RESTART|SA_SIGINFO
SIGILL: [libjvm.so+0x8c0290], sa_mask[0]=11111111011111111101111111111110, sa_flags=SA_RESTART|SA_SIGINFO
SIGUSR1: SIG_DFL, sa_mask[0]=00000000000000000000000000000000, sa_flags=none
SIGUSR2: [libjvm.so+0x8c0160], sa_mask[0]=00100000000000000000000000000000, sa_flags=SA_RESTART|SA_SIGINFO
SIGHUP: SIG_DFL, sa_mask[0]=00000000000000000000000000000000, sa_flags=none
SIGINT: SIG_DFL, sa_mask[0]=00000000000000000000000000000000, sa_flags=none
SIGTERM: SIG_DFL, sa_mask[0]=00000000000000000000000000000000, sa_flags=none
SIGQUIT: SIG_DFL, sa_mask[0]=00000000000000000000000000000000, sa_flags=none


---------------  S Y S T E M  ---------------

OS:DISTRIB_ID=Ubuntu
DISTRIB_RELEASE=16.04
DISTRIB_CODENAME=xenial
DISTRIB_DESCRIPTION="Ubuntu 16.04.6 LTS"

uname:Linux 4.15.0-72-generic #81~16.04.1-Ubuntu SMP Tue Nov 26 16:34:21 UTC 2019 x86_64
libc:glibc 2.23 NPTL 2.23 
rlimit: STACK 8192k, CORE 0k, NPROC 15537, NOFILE 1048576, AS infinity
load average:6.72 3.30 2.01

/proc/meminfo:
MemTotal:        4039788 kB
MemFree:          250980 kB
MemAvailable:     198696 kB
Buffers:            1528 kB
Cached:           185496 kB
SwapCached:        46872 kB
Active:          2961924 kB
Inactive:         663276 kB
Active(anon):    2914716 kB
Inactive(anon):   610772 kB
Active(file):      47208 kB
Inactive(file):    52504 kB
Unevictable:          48 kB
Mlocked:              48 kB
SwapTotal:       2093052 kB
SwapFree:         135152 kB
Dirty:               648 kB
Writeback:             0 kB
AnonPages:       3421860 kB
Mapped:           144872 kB
Shmem:             87316 kB
Slab:              68464 kB
SReclaimable:      32788 kB
SUnreclaim:        35676 kB
KernelStack:       14208 kB
PageTables:        52244 kB
NFS_Unstable:          0 kB
Bounce:                0 kB
WritebackTmp:          0 kB
CommitLimit:     4112944 kB
Committed_AS:   10306316 kB
VmallocTotal:   34359738367 kB
VmallocUsed:           0 kB
VmallocChunk:          0 kB
HardwareCorrupted:     0 kB
AnonHugePages:         0 kB
ShmemHugePages:        0 kB
ShmemPmdMapped:        0 kB
CmaTotal:              0 kB
CmaFree:               0 kB
HugePages_Total:       0
HugePages_Free:        0
HugePages_Rsvd:        0
HugePages_Surp:        0
Hugepagesize:       2048 kB
DirectMap4k:      122816 kB
DirectMap2M:     4071424 kB

container (cgroup) information:
container_type: cgroupv1
cpu_cpuset_cpus: 0
cpu_memory_nodes: 0
active_processor_count: 1
cpu_quota: -1
cpu_period: 100000
cpu_shares: -1
memory_limit_in_bytes: -1
memory_and_swap_limit_in_bytes: -2
memory_soft_limit_in_bytes: -1
memory_usage_in_bytes: 3710664704
memory_max_usage_in_bytes: 0


CPU:total 1 (initial active 1) (1 cores per cpu, 1 threads per core) family 6 model 70 stepping 1, cmov, cx8, fxsr, mmx, sse, sse2, sse3, ssse3, sse4.1, sse4.2, popcnt, avx, aes, clmul, lzcnt, tsc, tscinvbit

/proc/cpuinfo:
processor	: 0
vendor_id	: GenuineIntel
cpu family	: 6
model		: 70
model name	: Intel(R) Core(TM) i7-4770HQ CPU @ 2.20GHz
stepping	: 1
cpu MHz		: 2194.918
cache size	: 6144 KB
physical id	: 0
siblings	: 1
core id		: 0
cpu cores	: 1
apicid		: 0
initial apicid	: 0
fpu		: yes
fpu_exception	: yes
cpuid level	: 13
wp		: yes
flags		: fpu vme de pse tsc msr pae mce cx8 apic sep mtrr pge mca cmov pat pse36 clflush mmx fxsr sse sse2 syscall nx rdtscp lm constant_tsc rep_good nopl xtopology nonstop_tsc cpuid tsc_known_freq pni pclmulqdq monitor ssse3 cx16 sse4_1 sse4_2 movbe popcnt aes xsave avx rdrand hypervisor lahf_lm abm pti
bugs		: cpu_meltdown spectre_v1 spectre_v2 spec_store_bypass l1tf mds swapgs itlb_multihit
bogomips	: 4389.83
clflush size	: 64
cache_alignment	: 64
address sizes	: 39 bits physical, 48 bits virtual
power management:



Memory: 4k page, physical 4039788k(250980k free), swap 2093052k(135152k free)

vm_info: OpenJDK 64-Bit Server VM (25.222-b10) for linux-amd64 JRE (1.8.0_222-b10), built on Jul 11 2019 20:48:53 by "root" with gcc 7.3.1 20180303 (Red Hat 7.3.1-5)

time: Sun Apr 12 22:36:35 2020
timezone: +05
elapsed time: 0 seconds (0d 0h 0m 0s)

